<?xml version="1.0" encoding="UTF-8"?>
<!-- Generated by org.testng.reporters.JUnitReportReporter -->
<testsuite skipped="0" hostname="Lenovo-PC" name="com.qa.tests.SigninSigninButtonTests" tests="1" failures="0" timestamp="2020-02-25T00:13:45 IST" time="87.023" errors="0">
  <testcase name="checkConfirmPassword" time="87.023" classname="com.qa.tests.SigninSigninButtonTests"/>
  <system-out/>
</testsuite> <!-- com.qa.tests.SigninSigninButtonTests -->
