<?xml version="1.0" encoding="UTF-8"?>
<!-- Generated by org.testng.reporters.JUnitReportReporter -->
<testsuite skipped="0" hostname="Lenovo-PC" name="com.qa.tests.PermissionPageTests" tests="1" failures="0" timestamp="2020-02-23T17:14:22 IST" time="61.890" errors="0">
  <testcase name="allow" time="61.890" classname="com.qa.tests.PermissionPageTests"/>
  <system-out/>
</testsuite> <!-- com.qa.tests.PermissionPageTests -->
