<?xml version="1.0" encoding="UTF-8"?>
<!-- Generated by org.testng.reporters.JUnitReportReporter -->
<testsuite skipped="0" hostname="Lenovo-PC" name="com.qa.tests.HomePageTests" tests="1" failures="0" timestamp="2020-03-01T15:19:09 IST" time="19.849" errors="0">
  <testcase name="checkSignInButton" time="19.849" classname="com.qa.tests.HomePageTests"/>
  <system-out/>
</testsuite> <!-- com.qa.tests.HomePageTests -->
