<?xml version="1.0" encoding="UTF-8"?>
<!-- Generated by org.testng.reporters.JUnitReportReporter -->
<testsuite skipped="0" hostname="Lenovo-PC" name="com.qa.tests.SigUpTests" tests="10" failures="0" timestamp="2020-02-23T15:51:24 IST" time="89.617" errors="0">
  <testcase name="checkRegistrationInvalidNameBySpacelChar" time="8.290" classname="com.qa.tests.SigUpTests"/>
  <system-out/>
  <testcase name="checkRegistrationEmptyNameAndNumber" time="9.478" classname="com.qa.tests.SigUpTests"/>
  <system-out/>
  <testcase name="checkRegistrationEmptyNameValidNumber" time="8.780" classname="com.qa.tests.SigUpTests"/>
  <system-out/>
  <testcase name="checkRegistrationInvalidName" time="8.333" classname="com.qa.tests.SigUpTests"/>
  <system-out/>
  <testcase name="checkRegistrationEightDigitsNumber" time="11.260" classname="com.qa.tests.SigUpTests"/>
  <system-out/>
  <testcase name="checkRegistrationEmptyNumberValidName" time="8.308" classname="com.qa.tests.SigUpTests"/>
  <system-out/>
  <testcase name="checkRegistrationInvalidNameAndNumber" time="8.349" classname="com.qa.tests.SigUpTests"/>
  <system-out/>
  <testcase name="checkRegistrationInvalidNumber" time="8.332" classname="com.qa.tests.SigUpTests"/>
  <system-out/>
  <testcase name="checkRegistrationSpaceInNumber" time="8.435" classname="com.qa.tests.SigUpTests"/>
  <system-out/>
  <testcase name="checkRegistrationWithValidNameAndNumber" time="10.052" classname="com.qa.tests.SigUpTests"/>
  <system-out/>
</testsuite> <!-- com.qa.tests.SigUpTests -->
