<?xml version="1.0" encoding="UTF-8"?>
<!-- Generated by org.testng.reporters.JUnitReportReporter -->
<testsuite skipped="0" hostname="Lenovo-PC" name="com.qa.tests.SignUpTests" tests="10" failures="0" timestamp="2020-02-24T12:17:34 IST" time="95.309" errors="0">
  <testcase name="checkRegistrationEmptyNameValidNumber" time="9.778" classname="com.qa.tests.SignUpTests"/>
  <system-out/>
  <testcase name="checkRegistrationEmptyNumberValidName" time="8.843" classname="com.qa.tests.SignUpTests"/>
  <system-out/>
  <testcase name="checkRegistrationEightDigitsNumber" time="12.500" classname="com.qa.tests.SignUpTests"/>
  <system-out/>
  <testcase name="checkRegistrationEmptyNameAndNumber" time="10.597" classname="com.qa.tests.SignUpTests"/>
  <system-out/>
  <testcase name="checkRegistrationInvalidNameBySpacelChar" time="8.433" classname="com.qa.tests.SignUpTests"/>
  <system-out/>
  <testcase name="checkRegistrationInvalidNumber" time="8.343" classname="com.qa.tests.SignUpTests"/>
  <system-out/>
  <testcase name="checkRegistrationSpaceInNumber" time="8.882" classname="com.qa.tests.SignUpTests"/>
  <system-out/>
  <testcase name="checkRegistrationInvalidName" time="8.533" classname="com.qa.tests.SignUpTests"/>
  <system-out/>
  <testcase name="checkRegistrationInvalidNameAndNumber" time="9.132" classname="com.qa.tests.SignUpTests"/>
  <system-out/>
  <testcase name="checkRegistrationWithValidNameAndNumber" time="10.268" classname="com.qa.tests.SignUpTests"/>
  <system-out/>
</testsuite> <!-- com.qa.tests.SignUpTests -->
